2023-07-17 18:09:57,147 DEBUG Horse  Creating Horse, name [¡ÛˆÂÙ‡Î], speed [2.4] 
2023-07-17 18:09:57,147 DEBUG Horse  Creating Horse, name [“ÛÁ œËÍ], speed [2.5] 
2023-07-17 18:09:57,147 DEBUG Horse  Creating Horse, name [«ÂÙË], speed [2.6] 
2023-07-17 18:09:57,147 DEBUG Horse  Creating Horse, name [œÓÊ‡], speed [2.7] 
2023-07-17 18:09:57,147 DEBUG Horse  Creating Horse, name [ÀÓ·ÒÚÂ], speed [2.8] 
2023-07-17 18:09:57,147 DEBUG Horse  Creating Horse, name [œÂ„‡Ò], speed [2.9] 
2023-07-17 18:09:57,147 DEBUG Horse  Creating Horse, name [¬Ë¯Ìˇ], speed [3.0] 
2023-07-17 18:09:57,147 DEBUG Hippodrome  creating Hippodrome, horses [7]
2023-07-17 18:09:57,147 INFO  Main  Õ‡˜‡ÎÓ ÒÍ‡˜ÂÍ.  ÓÎË˜ÂÒÚ‚Ó Û˜‡ÒÚÌËÍÓ‚: 7
2023-07-17 18:10:17,664 INFO  Main  ŒÍÓÌ˜‡ÌËÂ ÒÍ‡˜ÂÍ. œÓ·Â‰ËÚÂÎ¸: ¬Ë¯Ìˇ
2023-07-17 18:54:27,222 DEBUG Horse  Creating Horse, name [–ë—É—Ü–µ—Ñ–∞–ª], speed [2.4] 
2023-07-17 18:54:27,224 DEBUG Horse  Creating Horse, name [–¢—É–∑ –ü–∏–∫], speed [2.5] 
2023-07-17 18:54:27,224 DEBUG Horse  Creating Horse, name [–ó–µ—Ñ–∏—Ä], speed [2.6] 
2023-07-17 18:54:27,224 DEBUG Horse  Creating Horse, name [–ü–æ–∂–∞—Ä], speed [2.7] 
2023-07-17 18:54:27,224 DEBUG Horse  Creating Horse, name [–õ–æ–±—Å—Ç–µ—Ä], speed [2.8] 
2023-07-17 18:54:27,224 DEBUG Horse  Creating Horse, name [–ü–µ–≥–∞—Å], speed [2.9] 
2023-07-17 18:54:27,224 DEBUG Horse  Creating Horse, name [–í–∏—à–Ω—è], speed [3.0] 
2023-07-17 18:54:27,226 DEBUG Hippodrome  creating Hippodrome, horses [7]
2023-07-17 18:54:27,226 INFO  Main  –ù–∞—á–∞–ª–æ —Å–∫–∞—á–µ–∫. –ö–æ–ª–∏—á–µ—Å—Ç–≤–æ —É—á–∞—Å—Ç–Ω–∏–∫–æ–≤: 7
2023-07-17 18:54:47,603 INFO  Main  –û–∫–æ–Ω—á–∞–Ω–∏–µ —Å–∫–∞—á–µ–∫. –ü–æ–±–µ–¥–∏—Ç–µ–ª—å: –ü–µ–≥–∞—Å
2023-07-17 18:55:26,765 DEBUG Horse  Creating Horse, name [–ë—É—Ü–µ—Ñ–∞–ª], speed [2.4] 
2023-07-17 18:55:26,768 DEBUG Horse  Creating Horse, name [–¢—É–∑ –ü–∏–∫], speed [2.5] 
2023-07-17 18:55:26,768 DEBUG Horse  Creating Horse, name [–ó–µ—Ñ–∏—Ä], speed [2.6] 
2023-07-17 18:55:26,768 DEBUG Horse  Creating Horse, name [–ü–æ–∂–∞—Ä], speed [2.7] 
2023-07-17 18:55:26,768 DEBUG Horse  Creating Horse, name [–õ–æ–±—Å—Ç–µ—Ä], speed [2.8] 
2023-07-17 18:55:26,768 DEBUG Horse  Creating Horse, name [–ü–µ–≥–∞—Å], speed [2.9] 
2023-07-17 18:55:26,768 DEBUG Horse  Creating Horse, name [–í–∏—à–Ω—è], speed [3.0] 
2023-07-17 18:55:26,769 DEBUG Hippodrome  creating Hippodrome, horses [7]
2023-07-17 18:55:26,769 INFO  Main  –ù–∞—á–∞–ª–æ —Å–∫–∞—á–µ–∫. –ö–æ–ª–∏—á–µ—Å—Ç–≤–æ —É—á–∞—Å—Ç–Ω–∏–∫–æ–≤: 7
2023-07-17 18:55:48,316 DEBUG Horse  Creating Horse, name [–†‚Äò–°—ì–°‚Ä†–†¬µ–°‚Äû–†¬∞–†¬ª], speed [2.4] 
2023-07-17 18:55:48,318 DEBUG Horse  Creating Horse, name [–†—û–°—ì–†¬∑ –†—ü–†—ë–†—î], speed [2.5] 
2023-07-17 18:55:48,318 DEBUG Horse  Creating Horse, name [–†‚Äî–†¬µ–°‚Äû–†—ë–°–Ç], speed [2.6] 
2023-07-17 18:55:48,318 DEBUG Horse  Creating Horse, name [–†—ü–†—ï–†¬∂–†¬∞–°–Ç], speed [2.7] 
2023-07-17 18:55:48,319 DEBUG Horse  Creating Horse, name [–†‚Ä∫–†—ï–†¬±–°–É–°‚Äö–†¬µ–°–Ç], speed [2.8] 
2023-07-17 18:55:48,319 DEBUG Horse  Creating Horse, name [–†—ü–†¬µ–†—ñ–†¬∞–°–É], speed [2.9] 
2023-07-17 18:55:48,319 DEBUG Horse  Creating Horse, name [–†‚Äô–†—ë–°‚Ç¨–†–Ö–°–è], speed [3.0] 
2023-07-17 18:55:48,319 DEBUG Hippodrome  creating Hippodrome, horses [7]
2023-07-17 18:55:48,319 INFO  Main  –†—ú–†¬∞–°‚Ä°–†¬∞–†¬ª–†—ï –°–É–†—î–†¬∞–°‚Ä°–†¬µ–†—î. –†—ô–†—ï–†¬ª–†—ë–°‚Ä°–†¬µ–°–É–°‚Äö–†–Ü–†—ï –°—ì–°‚Ä°–†¬∞–°–É–°‚Äö–†–Ö–†—ë–†—î–†—ï–†–Ü: 7
2023-07-17 18:56:08,719 INFO  Main  –†—õ–†—î–†—ï–†–Ö–°‚Ä°–†¬∞–†–Ö–†—ë–†¬µ –°–É–†—î–†¬∞–°‚Ä°–†¬µ–†—î. –†—ü–†—ï–†¬±–†¬µ–†“ë–†—ë–°‚Äö–†¬µ–†¬ª–°–ä: –†—ü–†¬µ–†—ñ–†¬∞–°–É
2023-07-17 19:02:49,874 DEBUG Horse  Creating Horse, name [–ë—É—Ü–µ—Ñ–∞–ª], speed [2.4] 
2023-07-17 19:02:49,876 DEBUG Horse  Creating Horse, name [–¢—É–∑ –ü–∏–∫], speed [2.5] 
2023-07-17 19:02:49,877 DEBUG Horse  Creating Horse, name [–ó–µ—Ñ–∏—Ä], speed [2.6] 
2023-07-17 19:02:49,877 DEBUG Horse  Creating Horse, name [–ü–æ–∂–∞—Ä], speed [2.7] 
2023-07-17 19:02:49,877 DEBUG Horse  Creating Horse, name [–õ–æ–±—Å—Ç–µ—Ä], speed [2.8] 
2023-07-17 19:02:49,877 DEBUG Horse  Creating Horse, name [–ü–µ–≥–∞—Å], speed [2.9] 
2023-07-17 19:02:49,877 DEBUG Horse  Creating Horse, name [–í–∏—à–Ω—è], speed [3.0] 
2023-07-17 19:02:49,879 DEBUG Hippodrome  creating Hippodrome, horses [7]
2023-07-17 19:02:49,879 INFO  Main  –ù–∞—á–∞–ª–æ —Å–∫–∞—á–µ–∫. –ö–æ–ª–∏—á–µ—Å—Ç–≤–æ —É—á–∞—Å—Ç–Ω–∏–∫–æ–≤: 7
2023-07-17 19:03:02,038 DEBUG Horse  Creating Horse, name [–ë—É—Ü–µ—Ñ–∞–ª], speed [2.4] 
2023-07-17 19:03:02,040 DEBUG Horse  Creating Horse, name [–¢—É–∑ –ü–∏–∫], speed [2.5] 
2023-07-17 19:03:02,041 DEBUG Horse  Creating Horse, name [–ó–µ—Ñ–∏—Ä], speed [2.6] 
2023-07-17 19:03:02,041 DEBUG Horse  Creating Horse, name [–ü–æ–∂–∞—Ä], speed [2.7] 
2023-07-17 19:03:02,041 DEBUG Horse  Creating Horse, name [–õ–æ–±—Å—Ç–µ—Ä], speed [2.8] 
2023-07-17 19:03:02,041 DEBUG Horse  Creating Horse, name [–ü–µ–≥–∞—Å], speed [2.9] 
2023-07-17 19:03:02,041 DEBUG Horse  Creating Horse, name [–í–∏—à–Ω—è], speed [3.0] 
2023-07-17 19:03:02,042 DEBUG Hippodrome  creating Hippodrome, horses [7]
2023-07-17 19:03:02,042 INFO  Main  –ù–∞—á–∞–ª–æ —Å–∫–∞—á–µ–∫. –ö–æ–ª–∏—á–µ—Å—Ç–≤–æ —É—á–∞—Å—Ç–Ω–∏–∫–æ–≤: 7
2023-07-17 19:03:03,068 INFO  Main  –û–∫–æ–Ω—á–∞–Ω–∏–µ —Å–∫–∞—á–µ–∫. –ü–æ–±–µ–¥–∏—Ç–µ–ª—å: –ü–µ–≥–∞—Å
2023-07-17 19:03:22,391 DEBUG Horse  Creating Horse, name [–ë—É—Ü–µ—Ñ–∞–ª], speed [2.4] 
2023-07-17 19:03:22,394 DEBUG Horse  Creating Horse, name [–¢—É–∑ –ü–∏–∫], speed [2.5] 
2023-07-17 19:03:22,394 DEBUG Horse  Creating Horse, name [–ó–µ—Ñ–∏—Ä], speed [2.6] 
2023-07-17 19:03:22,394 DEBUG Horse  Creating Horse, name [–ü–æ–∂–∞—Ä], speed [2.7] 
2023-07-17 19:03:22,394 DEBUG Horse  Creating Horse, name [–õ–æ–±—Å—Ç–µ—Ä], speed [2.8] 
2023-07-17 19:03:22,394 DEBUG Horse  Creating Horse, name [–ü–µ–≥–∞—Å], speed [2.9] 
2023-07-17 19:03:22,394 DEBUG Horse  Creating Horse, name [–í–∏—à–Ω—è], speed [3.0] 
2023-07-17 19:03:22,395 DEBUG Hippodrome  creating Hippodrome, horses [7]
2023-07-17 19:03:22,395 INFO  Main  –ù–∞—á–∞–ª–æ —Å–∫–∞—á–µ–∫. –ö–æ–ª–∏—á–µ—Å—Ç–≤–æ —É—á–∞—Å—Ç–Ω–∏–∫–æ–≤: 7
2023-07-17 19:03:23,421 INFO  Main  –û–∫–æ–Ω—á–∞–Ω–∏–µ —Å–∫–∞—á–µ–∫. –ü–æ–±–µ–¥–∏—Ç–µ–ª—å: –ü–µ–≥–∞—Å
2023-07-17 19:03:31,110 DEBUG Horse  Creating Horse, name [–ë—É—Ü–µ—Ñ–∞–ª], speed [2.4] 
2023-07-17 19:03:31,112 DEBUG Horse  Creating Horse, name [–¢—É–∑ –ü–∏–∫], speed [2.5] 
2023-07-17 19:03:31,112 DEBUG Horse  Creating Horse, name [–ó–µ—Ñ–∏—Ä], speed [2.6] 
2023-07-17 19:03:31,112 DEBUG Horse  Creating Horse, name [–ü–æ–∂–∞—Ä], speed [2.7] 
2023-07-17 19:03:31,112 DEBUG Horse  Creating Horse, name [–õ–æ–±—Å—Ç–µ—Ä], speed [2.8] 
2023-07-17 19:03:31,113 DEBUG Horse  Creating Horse, name [–ü–µ–≥–∞—Å], speed [2.9] 
2023-07-17 19:03:31,113 DEBUG Horse  Creating Horse, name [–í–∏—à–Ω—è], speed [3.0] 
2023-07-17 19:03:31,119 DEBUG Hippodrome  creating Hippodrome, horses [7]
2023-07-17 19:03:31,119 INFO  Main  –ù–∞—á–∞–ª–æ —Å–∫–∞—á–µ–∫. –ö–æ–ª–∏—á–µ—Å—Ç–≤–æ —É—á–∞—Å—Ç–Ω–∏–∫–æ–≤: 7
2023-07-17 19:03:32,137 INFO  Main  –û–∫–æ–Ω—á–∞–Ω–∏–µ —Å–∫–∞—á–µ–∫. –ü–æ–±–µ–¥–∏—Ç–µ–ª—å: –ó–µ—Ñ–∏—Ä
2023-07-17 19:03:38,574 DEBUG Horse  Creating Horse, name [–†‚Äò–°—ì–°‚Ä†–†¬µ–°‚Äû–†¬∞–†¬ª], speed [2.4] 
2023-07-17 19:03:38,577 DEBUG Horse  Creating Horse, name [–†—û–°—ì–†¬∑ –†—ü–†—ë–†—î], speed [2.5] 
2023-07-17 19:03:38,577 DEBUG Horse  Creating Horse, name [–†‚Äî–†¬µ–°‚Äû–†—ë–°–Ç], speed [2.6] 
2023-07-17 19:03:38,577 DEBUG Horse  Creating Horse, name [–†—ü–†—ï–†¬∂–†¬∞–°–Ç], speed [2.7] 
2023-07-17 19:03:38,577 DEBUG Horse  Creating Horse, name [–†‚Ä∫–†—ï–†¬±–°–É–°‚Äö–†¬µ–°–Ç], speed [2.8] 
2023-07-17 19:03:38,577 DEBUG Horse  Creating Horse, name [–†—ü–†¬µ–†—ñ–†¬∞–°–É], speed [2.9] 
2023-07-17 19:03:38,577 DEBUG Horse  Creating Horse, name [–†‚Äô–†—ë–°‚Ç¨–†–Ö–°–è], speed [3.0] 
2023-07-17 19:03:38,578 DEBUG Hippodrome  creating Hippodrome, horses [7]
2023-07-17 19:03:38,578 INFO  Main  –†—ú–†¬∞–°‚Ä°–†¬∞–†¬ª–†—ï –°–É–†—î–†¬∞–°‚Ä°–†¬µ–†—î. –†—ô–†—ï–†¬ª–†—ë–°‚Ä°–†¬µ–°–É–°‚Äö–†–Ü–†—ï –°—ì–°‚Ä°–†¬∞–°–É–°‚Äö–†–Ö–†—ë–†—î–†—ï–†–Ü: 7
2023-07-17 19:03:39,603 INFO  Main  –†—õ–†—î–†—ï–†–Ö–°‚Ä°–†¬∞–†–Ö–†—ë–†¬µ –°–É–†—î–†¬∞–°‚Ä°–†¬µ–†—î. –†—ü–†—ï–†¬±–†¬µ–†“ë–†—ë–°‚Äö–†¬µ–†¬ª–°–ä: –†‚Äô–†—ë–°‚Ç¨–†–Ö–°–è
2023-07-17 19:05:53,954 ERROR Hippodrome  Horses list is empty
2023-07-17 19:05:54,688 DEBUG Hippodrome  creating Hippodrome, horses [50]
2023-07-17 19:05:54,769 ERROR Hippodrome  Horses list is null
2023-07-17 19:05:54,778 ERROR Hippodrome  Horses list is empty
2023-07-17 19:05:54,781 DEBUG Horse  Creating Horse, name [II], speed [1.0] 
2023-07-17 19:05:54,782 DEBUG Horse  Creating Horse, name [II], speed [1.0] 
2023-07-17 19:05:54,782 DEBUG Horse  Creating Horse, name [II], speed [1.0] 
2023-07-17 19:05:54,782 DEBUG Horse  Creating Horse, name [II], speed [1.0] 
2023-07-17 19:05:54,782 DEBUG Horse  Creating Horse, name [II], speed [1.0] 
2023-07-17 19:05:54,782 DEBUG Horse  Creating Horse, name [II], speed [1.0] 
2023-07-17 19:05:54,782 DEBUG Horse  Creating Horse, name [II], speed [1.0] 
2023-07-17 19:05:54,782 DEBUG Horse  Creating Horse, name [II], speed [1.0] 
2023-07-17 19:05:54,782 DEBUG Horse  Creating Horse, name [II], speed [1.0] 
2023-07-17 19:05:54,782 DEBUG Horse  Creating Horse, name [II], speed [1.0] 
2023-07-17 19:05:54,782 DEBUG Horse  Creating Horse, name [II], speed [1.0] 
2023-07-17 19:05:54,782 DEBUG Horse  Creating Horse, name [II], speed [1.0] 
2023-07-17 19:05:54,782 DEBUG Horse  Creating Horse, name [II], speed [1.0] 
2023-07-17 19:05:54,783 DEBUG Horse  Creating Horse, name [II], speed [1.0] 
2023-07-17 19:05:54,783 DEBUG Horse  Creating Horse, name [II], speed [1.0] 
2023-07-17 19:05:54,783 DEBUG Horse  Creating Horse, name [II], speed [1.0] 
2023-07-17 19:05:54,783 DEBUG Horse  Creating Horse, name [II], speed [1.0] 
2023-07-17 19:05:54,783 DEBUG Horse  Creating Horse, name [II], speed [1.0] 
2023-07-17 19:05:54,783 DEBUG Horse  Creating Horse, name [II], speed [1.0] 
2023-07-17 19:05:54,783 DEBUG Horse  Creating Horse, name [II], speed [1.0] 
2023-07-17 19:05:54,783 DEBUG Horse  Creating Horse, name [II], speed [1.0] 
2023-07-17 19:05:54,783 DEBUG Horse  Creating Horse, name [II], speed [1.0] 
2023-07-17 19:05:54,783 DEBUG Horse  Creating Horse, name [II], speed [1.0] 
2023-07-17 19:05:54,783 DEBUG Horse  Creating Horse, name [II], speed [1.0] 
2023-07-17 19:05:54,783 DEBUG Horse  Creating Horse, name [II], speed [1.0] 
2023-07-17 19:05:54,784 DEBUG Horse  Creating Horse, name [II], speed [1.0] 
2023-07-17 19:05:54,784 DEBUG Horse  Creating Horse, name [II], speed [1.0] 
2023-07-17 19:05:54,784 DEBUG Horse  Creating Horse, name [II], speed [1.0] 
2023-07-17 19:05:54,784 DEBUG Horse  Creating Horse, name [II], speed [1.0] 
2023-07-17 19:05:54,784 DEBUG Horse  Creating Horse, name [II], speed [1.0] 
2023-07-17 19:05:54,784 DEBUG Hippodrome  creating Hippodrome, horses [30]
2023-07-17 19:05:54,787 ERROR Hippodrome  Horses list is null
2023-07-17 19:05:54,789 DEBUG Horse  Creating Horse, name [123], speed [2.4] 
2023-07-17 19:05:54,789 DEBUG Horse  Creating Horse, name [qwer], speed [2.1] 
2023-07-17 19:05:54,789 DEBUG Horse  Creating Horse, name [asd], speed [2.7] 
2023-07-17 19:05:54,789 DEBUG Horse  Creating Horse, name [zxc], speed [2.2] 
2023-07-17 19:05:54,789 DEBUG Hippodrome  creating Hippodrome, horses [4]
2023-07-17 19:06:03,833 ERROR Horse  Name is blank
2023-07-17 19:06:03,844 ERROR Horse  Name is blank
2023-07-17 19:06:03,846 ERROR Horse  Name is blank
2023-07-17 19:06:03,849 ERROR Horse  Name is blank
2023-07-17 19:06:03,851 ERROR Horse  Name is blank
2023-07-17 19:06:03,854 ERROR Horse  Distance is negative
2023-07-17 19:06:03,863 DEBUG Horse  Creating Horse, name [–ò–∞], speed [1.0] 
2023-07-17 19:06:03,863 DEBUG Horse  Creating Horse, name [–û—Å–ª–∏–∫ –ò–∞], speed [1.0] 
2023-07-17 19:06:03,865 ERROR Horse  Speed is negative
2023-07-17 19:06:03,866 ERROR Horse  Name is null
2023-07-17 19:06:03,867 ERROR Horse  Distance is negative
2023-07-17 19:06:04,518 DEBUG Horse  Creating Horse, name [–ò–∞], speed [1.1] 
2023-07-17 19:06:04,584 DEBUG Horse  Creating Horse, name [–ò–∞], speed [2.0] 
2023-07-17 19:06:04,588 ERROR Horse  Name is null
2023-07-17 19:06:04,604 ERROR Horse  Name is blank
2023-07-17 19:06:04,609 ERROR Horse  Name is blank
2023-07-17 19:06:04,614 ERROR Horse  Name is blank
2023-07-17 19:06:04,618 ERROR Horse  Name is blank
2023-07-17 19:06:04,622 ERROR Horse  Name is blank
2023-07-17 19:06:04,628 ERROR Horse  Speed is negative
2023-07-17 19:06:04,630 DEBUG Horse  Creating Horse, name [–ò–∞], speed [2.0] 
2023-07-17 19:07:21,652 DEBUG Horse  Creating Horse, name [–ë—É—Ü–µ—Ñ–∞–ª], speed [2.4] 
2023-07-17 19:07:21,654 DEBUG Horse  Creating Horse, name [–¢—É–∑ –ü–∏–∫], speed [2.5] 
2023-07-17 19:07:21,654 DEBUG Horse  Creating Horse, name [–ó–µ—Ñ–∏—Ä], speed [2.6] 
2023-07-17 19:07:21,654 DEBUG Horse  Creating Horse, name [–ü–æ–∂–∞—Ä], speed [2.7] 
2023-07-17 19:07:21,654 DEBUG Horse  Creating Horse, name [–õ–æ–±—Å—Ç–µ—Ä], speed [2.8] 
2023-07-17 19:07:21,654 DEBUG Horse  Creating Horse, name [–ü–µ–≥–∞—Å], speed [2.9] 
2023-07-17 19:07:21,654 DEBUG Horse  Creating Horse, name [–í–∏—à–Ω—è], speed [3.0] 
2023-07-17 19:07:21,655 DEBUG Hippodrome  creating Hippodrome, horses [7]
2023-07-17 19:07:21,655 INFO  Main  –ù–∞—á–∞–ª–æ —Å–∫–∞—á–µ–∫. –ö–æ–ª–∏—á–µ—Å—Ç–≤–æ —É—á–∞—Å—Ç–Ω–∏–∫–æ–≤: 7
2023-07-17 19:07:22,679 INFO  Main  –û–∫–æ–Ω—á–∞–Ω–∏–µ —Å–∫–∞—á–µ–∫. –ü–æ–±–µ–¥–∏—Ç–µ–ª—å: –õ–æ–±—Å—Ç–µ—Ä
2023-07-17 19:07:40,201 DEBUG Horse  Creating Horse, name [ÔøΩÔøΩÔøΩÔøΩÔøΩÔøΩÔøΩ], speed [2.4] 
2023-07-17 19:07:40,204 DEBUG Horse  Creating Horse, name [ÔøΩÔøΩÔøΩ ÔøΩÔøΩÔøΩ], speed [2.5] 
2023-07-17 19:07:40,204 DEBUG Horse  Creating Horse, name [ÔøΩÔøΩÔøΩÔøΩÔøΩ], speed [2.6] 
2023-07-17 19:07:40,204 DEBUG Horse  Creating Horse, name [ÔøΩÔøΩÔøΩÔøΩÔøΩ], speed [2.7] 
2023-07-17 19:07:40,204 DEBUG Horse  Creating Horse, name [ÔøΩÔøΩÔøΩÔøΩÔøΩÔøΩÔøΩ], speed [2.8] 
2023-07-17 19:07:40,204 DEBUG Horse  Creating Horse, name [ÔøΩÔøΩÔøΩÔøΩÔøΩ], speed [2.9] 
2023-07-17 19:07:40,204 DEBUG Horse  Creating Horse, name [ÔøΩÔøΩÔøΩÔøΩÔøΩ], speed [3.0] 
2023-07-17 19:07:40,205 DEBUG Hippodrome  creating Hippodrome, horses [7]
2023-07-17 19:07:40,205 INFO  Main  ÔøΩÔøΩÔøΩÔøΩÔøΩÔøΩ ÔøΩÔøΩÔøΩÔøΩÔøΩÔøΩ. ÔøΩÔøΩÔøΩÔøΩÔøΩÔøΩÔøΩÔøΩÔøΩÔøΩ ÔøΩÔøΩÔøΩÔøΩÔøΩÔøΩÔøΩÔøΩÔøΩÔøΩ: 7
2023-07-17 19:07:47,495 DEBUG Horse  Creating Horse, name [–†‚Äò–°—ì–°‚Ä†–†¬µ–°‚Äû–†¬∞–†¬ª], speed [2.4] 
2023-07-17 19:07:47,498 DEBUG Horse  Creating Horse, name [–†—û–°—ì–†¬∑ –†—ü–†—ë–†—î], speed [2.5] 
2023-07-17 19:07:47,498 DEBUG Horse  Creating Horse, name [–†‚Äî–†¬µ–°‚Äû–†—ë–°–Ç], speed [2.6] 
2023-07-17 19:07:47,498 DEBUG Horse  Creating Horse, name [–†—ü–†—ï–†¬∂–†¬∞–°–Ç], speed [2.7] 
2023-07-17 19:07:47,499 DEBUG Horse  Creating Horse, name [–†‚Ä∫–†—ï–†¬±–°–É–°‚Äö–†¬µ–°–Ç], speed [2.8] 
2023-07-17 19:07:47,499 DEBUG Horse  Creating Horse, name [–†—ü–†¬µ–†—ñ–†¬∞–°–É], speed [2.9] 
2023-07-17 19:07:47,499 DEBUG Horse  Creating Horse, name [–†‚Äô–†—ë–°‚Ç¨–†–Ö–°–è], speed [3.0] 
2023-07-17 19:07:47,500 DEBUG Hippodrome  creating Hippodrome, horses [7]
2023-07-17 19:07:47,500 INFO  Main  –†—ú–†¬∞–°‚Ä°–†¬∞–†¬ª–†—ï –°–É–†—î–†¬∞–°‚Ä°–†¬µ–†—î. –†—ô–†—ï–†¬ª–†—ë–°‚Ä°–†¬µ–°–É–°‚Äö–†–Ü–†—ï –°—ì–°‚Ä°–†¬∞–°–É–°‚Äö–†–Ö–†—ë–†—î–†—ï–†–Ü: 7
2023-07-17 19:08:07,920 INFO  Main  –†—õ–†—î–†—ï–†–Ö–°‚Ä°–†¬∞–†–Ö–†—ë–†¬µ –°–É–†—î–†¬∞–°‚Ä°–†¬µ–†—î. –†—ü–†—ï–†¬±–†¬µ–†“ë–†—ë–°‚Äö–†¬µ–†¬ª–°–ä: –†‚Ä∫–†—ï–†¬±–°–É–°‚Äö–†¬µ–°–Ç
2023-07-17 19:11:59,601 DEBUG Horse  Creating Horse, name [–ë—É—Ü–µ—Ñ–∞–ª], speed [2.4] 
2023-07-17 19:11:59,604 DEBUG Horse  Creating Horse, name [–¢—É–∑ –ü–∏–∫], speed [2.5] 
2023-07-17 19:11:59,604 DEBUG Horse  Creating Horse, name [–ó–µ—Ñ–∏—Ä], speed [2.6] 
2023-07-17 19:11:59,604 DEBUG Horse  Creating Horse, name [–ü–æ–∂–∞—Ä], speed [2.7] 
2023-07-17 19:11:59,604 DEBUG Horse  Creating Horse, name [–õ–æ–±—Å—Ç–µ—Ä], speed [2.8] 
2023-07-17 19:11:59,604 DEBUG Horse  Creating Horse, name [–ü–µ–≥–∞—Å], speed [2.9] 
2023-07-17 19:11:59,604 DEBUG Horse  Creating Horse, name [–í–∏—à–Ω—è], speed [3.0] 
2023-07-17 19:11:59,605 DEBUG Hippodrome  creating Hippodrome, horses [7]
2023-07-17 19:11:59,605 INFO  Main  –ù–∞—á–∞–ª–æ —Å–∫–∞—á–µ–∫. –ö–æ–ª–∏—á–µ—Å—Ç–≤–æ —É—á–∞—Å—Ç–Ω–∏–∫–æ–≤: 7
2023-07-17 19:12:20,023 INFO  Main  –û–∫–æ–Ω—á–∞–Ω–∏–µ —Å–∫–∞—á–µ–∫. –ü–æ–±–µ–¥–∏—Ç–µ–ª—å: –í–∏—à–Ω—è
2023-07-17 19:12:32,911 DEBUG Horse  Creating Horse, name [–ë—É—Ü–µ—Ñ–∞–ª], speed [2.4] 
2023-07-17 19:12:32,913 DEBUG Horse  Creating Horse, name [–¢—É–∑ –ü–∏–∫], speed [2.5] 
2023-07-17 19:12:32,913 DEBUG Horse  Creating Horse, name [–ó–µ—Ñ–∏—Ä], speed [2.6] 
2023-07-17 19:12:32,913 DEBUG Horse  Creating Horse, name [–ü–æ–∂–∞—Ä], speed [2.7] 
2023-07-17 19:12:32,913 DEBUG Horse  Creating Horse, name [–õ–æ–±—Å—Ç–µ—Ä], speed [2.8] 
2023-07-17 19:12:32,913 DEBUG Horse  Creating Horse, name [–ü–µ–≥–∞—Å], speed [2.9] 
2023-07-17 19:12:32,913 DEBUG Horse  Creating Horse, name [–í–∏—à–Ω—è], speed [3.0] 
2023-07-17 19:12:32,914 DEBUG Hippodrome  creating Hippodrome, horses [7]
2023-07-17 19:12:32,914 INFO  Main  –ù–∞—á–∞–ª–æ —Å–∫–∞—á–µ–∫. –ö–æ–ª–∏—á–µ—Å—Ç–≤–æ —É—á–∞—Å—Ç–Ω–∏–∫–æ–≤: 7
2023-07-17 19:23:51,263 ERROR Hippodrome  Horses list is empty
2023-07-17 19:23:51,925 DEBUG Hippodrome  creating Hippodrome, horses [50]
2023-07-17 19:23:52,016 ERROR Hippodrome  Horses list is null
2023-07-17 19:23:52,026 ERROR Hippodrome  Horses list is empty
2023-07-17 19:23:52,028 DEBUG Horse  Creating Horse, name [II], speed [1.0] 
2023-07-17 19:23:52,029 DEBUG Horse  Creating Horse, name [II], speed [1.0] 
2023-07-17 19:23:52,029 DEBUG Horse  Creating Horse, name [II], speed [1.0] 
2023-07-17 19:23:52,029 DEBUG Horse  Creating Horse, name [II], speed [1.0] 
2023-07-17 19:23:52,029 DEBUG Horse  Creating Horse, name [II], speed [1.0] 
2023-07-17 19:23:52,029 DEBUG Horse  Creating Horse, name [II], speed [1.0] 
2023-07-17 19:23:52,029 DEBUG Horse  Creating Horse, name [II], speed [1.0] 
2023-07-17 19:23:52,029 DEBUG Horse  Creating Horse, name [II], speed [1.0] 
2023-07-17 19:23:52,029 DEBUG Horse  Creating Horse, name [II], speed [1.0] 
2023-07-17 19:23:52,029 DEBUG Horse  Creating Horse, name [II], speed [1.0] 
2023-07-17 19:23:52,029 DEBUG Horse  Creating Horse, name [II], speed [1.0] 
2023-07-17 19:23:52,029 DEBUG Horse  Creating Horse, name [II], speed [1.0] 
2023-07-17 19:23:52,029 DEBUG Horse  Creating Horse, name [II], speed [1.0] 
2023-07-17 19:23:52,029 DEBUG Horse  Creating Horse, name [II], speed [1.0] 
2023-07-17 19:23:52,029 DEBUG Horse  Creating Horse, name [II], speed [1.0] 
2023-07-17 19:23:52,029 DEBUG Horse  Creating Horse, name [II], speed [1.0] 
2023-07-17 19:23:52,029 DEBUG Horse  Creating Horse, name [II], speed [1.0] 
2023-07-17 19:23:52,029 DEBUG Horse  Creating Horse, name [II], speed [1.0] 
2023-07-17 19:23:52,029 DEBUG Horse  Creating Horse, name [II], speed [1.0] 
2023-07-17 19:23:52,030 DEBUG Horse  Creating Horse, name [II], speed [1.0] 
2023-07-17 19:23:52,030 DEBUG Horse  Creating Horse, name [II], speed [1.0] 
2023-07-17 19:23:52,030 DEBUG Horse  Creating Horse, name [II], speed [1.0] 
2023-07-17 19:23:52,030 DEBUG Horse  Creating Horse, name [II], speed [1.0] 
2023-07-17 19:23:52,030 DEBUG Horse  Creating Horse, name [II], speed [1.0] 
2023-07-17 19:23:52,030 DEBUG Horse  Creating Horse, name [II], speed [1.0] 
2023-07-17 19:23:52,030 DEBUG Horse  Creating Horse, name [II], speed [1.0] 
2023-07-17 19:23:52,030 DEBUG Horse  Creating Horse, name [II], speed [1.0] 
2023-07-17 19:23:52,030 DEBUG Horse  Creating Horse, name [II], speed [1.0] 
2023-07-17 19:23:52,030 DEBUG Horse  Creating Horse, name [II], speed [1.0] 
2023-07-17 19:23:52,030 DEBUG Horse  Creating Horse, name [II], speed [1.0] 
2023-07-17 19:23:52,030 DEBUG Hippodrome  creating Hippodrome, horses [30]
2023-07-17 19:23:52,033 ERROR Hippodrome  Horses list is null
2023-07-17 19:23:52,035 DEBUG Horse  Creating Horse, name [123], speed [2.4] 
2023-07-17 19:23:52,035 DEBUG Horse  Creating Horse, name [qwer], speed [2.1] 
2023-07-17 19:23:52,036 DEBUG Horse  Creating Horse, name [asd], speed [2.7] 
2023-07-17 19:23:52,036 DEBUG Horse  Creating Horse, name [zxc], speed [2.2] 
2023-07-17 19:23:52,036 DEBUG Hippodrome  creating Hippodrome, horses [4]
2023-07-17 19:23:52,116 ERROR Horse  Name is blank 
2023-07-17 19:23:52,123 ERROR Horse  Name is blank 
2023-07-17 19:23:52,125 ERROR Horse  Name is blank 
2023-07-17 19:23:52,128 ERROR Horse  Name is blank 
2023-07-17 19:23:52,130 ERROR Horse  Name is blank 
2023-07-17 19:23:52,134 ERROR Horse  Distance is negative
2023-07-17 19:23:52,136 DEBUG Horse  Creating Horse, name [–ò–∞], speed [1.0] 
2023-07-17 19:23:52,136 DEBUG Horse  Creating Horse, name [–û—Å–ª–∏–∫ –ò–∞], speed [1.0] 
2023-07-17 19:23:52,139 ERROR Horse  Speed is negative 
2023-07-17 19:23:52,141 ERROR Horse  Name is null 
2023-07-17 19:23:52,143 ERROR Horse  Distance is negative
2023-07-17 19:23:52,147 DEBUG Horse  Creating Horse, name [–ò–∞], speed [1.1] 
2023-07-17 19:23:52,151 DEBUG Horse  Creating Horse, name [–ò–∞], speed [2.0] 
2023-07-17 19:23:52,153 ERROR Horse  Name is null 
2023-07-17 19:23:52,157 ERROR Horse  Name is blank 
2023-07-17 19:23:52,160 ERROR Horse  Name is blank 
2023-07-17 19:23:52,162 ERROR Horse  Name is blank 
2023-07-17 19:23:52,164 ERROR Horse  Name is blank 
2023-07-17 19:23:52,166 ERROR Horse  Name is blank 
2023-07-17 19:23:52,168 ERROR Horse  Speed is negative 
2023-07-17 19:23:52,170 DEBUG Horse  Creating Horse, name [–ò–∞], speed [2.0] 
2023-07-17 19:24:51,357 DEBUG Horse  Creating Horse, name [–ë—É—Ü–µ—Ñ–∞–ª], speed [2.4] 
2023-07-17 19:24:51,359 DEBUG Horse  Creating Horse, name [–¢—É–∑ –ü–∏–∫], speed [2.5] 
2023-07-17 19:24:51,360 DEBUG Horse  Creating Horse, name [–ó–µ—Ñ–∏—Ä], speed [2.6] 
2023-07-17 19:24:51,360 DEBUG Horse  Creating Horse, name [–ü–æ–∂–∞—Ä], speed [2.7] 
2023-07-17 19:24:51,360 DEBUG Horse  Creating Horse, name [–õ–æ–±—Å—Ç–µ—Ä], speed [2.8] 
2023-07-17 19:24:51,360 DEBUG Horse  Creating Horse, name [–ü–µ–≥–∞—Å], speed [2.9] 
2023-07-17 19:24:51,360 DEBUG Horse  Creating Horse, name [–í–∏—à–Ω—è], speed [3.0] 
2023-07-17 19:24:51,360 DEBUG Hippodrome  creating Hippodrome, horses [7]
2023-07-17 19:24:51,361 INFO  Main  –ù–∞—á–∞–ª–æ —Å–∫–∞—á–µ–∫. –ö–æ–ª–∏—á–µ—Å—Ç–≤–æ —É—á–∞—Å—Ç–Ω–∏–∫–æ–≤:  7
2023-07-17 19:25:03,492 DEBUG Horse  Creating Horse, name [–ë—É—Ü–µ—Ñ–∞–ª], speed [2.4] 
2023-07-17 19:25:03,494 DEBUG Horse  Creating Horse, name [–¢—É–∑ –ü–∏–∫], speed [2.5] 
2023-07-17 19:25:03,494 DEBUG Horse  Creating Horse, name [–ó–µ—Ñ–∏—Ä], speed [2.6] 
2023-07-17 19:25:03,495 DEBUG Horse  Creating Horse, name [–ü–æ–∂–∞—Ä], speed [2.7] 
2023-07-17 19:25:03,495 DEBUG Horse  Creating Horse, name [–õ–æ–±—Å—Ç–µ—Ä], speed [2.8] 
2023-07-17 19:25:03,495 DEBUG Horse  Creating Horse, name [–ü–µ–≥–∞—Å], speed [2.9] 
2023-07-17 19:25:03,495 DEBUG Horse  Creating Horse, name [–í–∏—à–Ω—è], speed [3.0] 
2023-07-17 19:25:03,495 DEBUG Hippodrome  creating Hippodrome, horses [7]
2023-07-17 19:25:03,496 INFO  Main  –ù–∞—á–∞–ª–æ —Å–∫–∞—á–µ–∫. –ö–æ–ª–∏—á–µ—Å—Ç–≤–æ —É—á–∞—Å—Ç–Ω–∏–∫–æ–≤:  7
2023-07-17 19:25:30,401 DEBUG Horse  Creating Horse, name [–ë—É—Ü–µ—Ñ–∞–ª], speed [2.4] 
2023-07-17 19:25:30,403 DEBUG Horse  Creating Horse, name [–¢—É–∑ –ü–∏–∫], speed [2.5] 
2023-07-17 19:25:30,403 DEBUG Horse  Creating Horse, name [–ó–µ—Ñ–∏—Ä], speed [2.6] 
2023-07-17 19:25:30,403 DEBUG Horse  Creating Horse, name [–ü–æ–∂–∞—Ä], speed [2.7] 
2023-07-17 19:25:30,403 DEBUG Horse  Creating Horse, name [–õ–æ–±—Å—Ç–µ—Ä], speed [2.8] 
2023-07-17 19:25:30,403 DEBUG Horse  Creating Horse, name [–ü–µ–≥–∞—Å], speed [2.9] 
2023-07-17 19:25:30,403 DEBUG Horse  Creating Horse, name [–í–∏—à–Ω—è], speed [3.0] 
2023-07-17 19:25:30,404 DEBUG Hippodrome  creating Hippodrome, horses [7]
2023-07-17 19:25:30,404 INFO  Main  –ù–∞—á–∞–ª–æ —Å–∫–∞—á–µ–∫. –ö–æ–ª–∏—á–µ—Å—Ç–≤–æ —É—á–∞—Å—Ç–Ω–∏–∫–æ–≤:  7
